<?xml version="1.0" encoding="UTF-8"?>
<!-- Generated by org.testng.reporters.JUnitReportReporter -->
<testsuite hostname="arya-sudarsanan" failures="0" tests="2" name="testscript.NewsTest" time="23.618" errors="0" timestamp="2025-09-11T12:24:13 IST" skipped="0">
  <testcase classname="testscript.NewsTest" name="verifyresetnews" time="11.950"/>
  <testcase classname="testscript.NewsTest" name="verifyaddnews" time="11.668"/>
</testsuite> <!-- testscript.NewsTest -->
