<?xml version="1.0" encoding="UTF-8"?>
<!-- Generated by org.testng.reporters.JUnitReportReporter -->
<testsuite hostname="arya-sudarsanan" failures="0" tests="1" name="testscript.LoginTest" time="8.409" errors="0" timestamp="2025-09-09T08:07:16 IST" skipped="0">
  <testcase classname="testscript.LoginTest" name="verifyloginwithinvalidcredentials" time="8.409"/>
</testsuite> <!-- testscript.LoginTest -->
