<?xml version="1.0" encoding="UTF-8"?>
<!-- Generated by org.testng.reporters.JUnitReportReporter -->
<testsuite hostname="arya-sudarsanan" failures="0" tests="1" name="testscript.HomeTest" time="8.647" errors="0" timestamp="2025-09-11T18:49:36 IST" skipped="0">
  <testcase classname="testscript.HomeTest" name="verifylogout" time="8.647"/>
</testsuite> <!-- testscript.HomeTest -->
