<?xml version="1.0" encoding="UTF-8"?>
<!-- Generated by org.testng.reporters.JUnitReportReporter -->
<testsuite hostname="arya-sudarsanan" failures="0" tests="2" name="testscript.NewsTest" time="9.765" errors="0" timestamp="2025-09-11T18:49:36 IST" skipped="0">
  <testcase classname="testscript.NewsTest" name="verifyresetnews" time="4.772"/>
  <testcase classname="testscript.NewsTest" name="verifyaddnews" time="4.993"/>
</testsuite> <!-- testscript.NewsTest -->
