<?xml version="1.0" encoding="UTF-8"?>
<!-- Generated by org.testng.reporters.JUnitReportReporter -->
<testsuite hostname="arya-sudarsanan" failures="0" tests="4" name="testscript.LoginTest" time="14.823" errors="0" timestamp="2025-09-11T18:49:36 IST" skipped="0">
  <testcase classname="testscript.LoginTest" name="verifyloginwithvalidcredentials" time="4.156"/>
  <testcase classname="testscript.LoginTest" name="verifyloginwithvalidusernameandinvalidpassword" time="3.906"/>
  <testcase classname="testscript.LoginTest" name="verifyloginwithinvalidusernameandvalidpassword" time="3.279"/>
  <testcase classname="testscript.LoginTest" name="verifyloginwithinvalidcredentials" time="3.482"/>
</testsuite> <!-- testscript.LoginTest -->
