<?xml version="1.0" encoding="UTF-8"?>
<!-- Generated by org.testng.reporters.JUnitReportReporter -->
<testsuite hostname="arya-sudarsanan" failures="0" tests="1" name="testscript.AdminTest" time="8.784" errors="0" timestamp="2025-09-02T12:47:29 IST" skipped="0">
  <testcase classname="testscript.AdminTest" name="verifyhomepage" time="8.784"/>
</testsuite> <!-- testscript.AdminTest -->
