<?xml version="1.0" encoding="UTF-8"?>
<!-- Generated by org.testng.reporters.JUnitReportReporter -->
<testsuite hostname="arya-sudarsanan" failures="0" tests="1" name="testscript.HomeTest" time="11.488" errors="0" timestamp="2025-08-28T08:00:59 IST" skipped="0">
  <testcase classname="testscript.HomeTest" name="verifylogout" time="11.488"/>
</testsuite> <!-- testscript.HomeTest -->
