<?xml version="1.0" encoding="UTF-8"?>
<!-- Generated by org.testng.reporters.JUnitReportReporter -->
<testsuite hostname="arya-sudarsanan" failures="0" tests="3" name="testscript.LoginTest" time="136.565" errors="0" timestamp="2025-09-10T07:31:51 IST" skipped="0">
  <testcase classname="testscript.LoginTest" name="verifyloginwithvalidusernameandinvalidpassword" time="33.495"/>
  <testcase classname="testscript.LoginTest" name="verifyloginwithinvalidusernameandvalidpassword" time="59.474"/>
  <testcase classname="testscript.LoginTest" name="verifyloginwithinvalidcredentials" time="43.596"/>
</testsuite> <!-- testscript.LoginTest -->
