<?xml version="1.0" encoding="UTF-8"?>
<!-- Generated by org.testng.reporters.JUnitReportReporter -->
<testsuite hostname="arya-sudarsanan" failures="0" tests="4" name="testscript.LoginTest" time="65.614" errors="0" timestamp="2025-09-11T12:24:13 IST" skipped="0">
  <testcase classname="testscript.LoginTest" name="verifyloginwithvalidcredentials" time="24.683"/>
  <testcase classname="testscript.LoginTest" name="verifyloginwithvalidusernameandinvalidpassword" time="5.469"/>
  <testcase classname="testscript.LoginTest" name="verifyloginwithinvalidusernameandvalidpassword" time="31.425"/>
  <testcase classname="testscript.LoginTest" name="verifyloginwithinvalidcredentials" time="4.037"/>
</testsuite> <!-- testscript.LoginTest -->
