<?xml version="1.0" encoding="UTF-8"?>
<!-- Generated by org.testng.reporters.JUnitReportReporter -->
<testsuite hostname="arya-sudarsanan" failures="0" tests="1" name="testscript.HomeTest" time="25.412" errors="0" timestamp="2025-09-11T12:24:13 IST" skipped="0">
  <testcase classname="testscript.HomeTest" name="verifylogout" time="25.412"/>
</testsuite> <!-- testscript.HomeTest -->
