<?xml version="1.0" encoding="UTF-8"?>
<!-- Generated by org.testng.reporters.JUnitReportReporter -->
<testsuite hostname="arya-sudarsanan" failures="0" tests="1" name="testscript.NewsTest" time="53.844" errors="0" timestamp="2025-09-09T07:12:35 IST" skipped="0">
  <testcase classname="testscript.NewsTest" name="verifyaddnews" time="53.844"/>
</testsuite> <!-- testscript.NewsTest -->
