<?xml version="1.0" encoding="UTF-8"?>
<!-- Generated by org.testng.reporters.JUnitReportReporter -->
<testsuite hostname="arya-sudarsanan" failures="0" tests="3" name="testscript.AdminTest" time="22.289" errors="0" timestamp="2025-09-11T18:49:36 IST" skipped="0">
  <testcase classname="testscript.AdminTest" name="verifyhomepage" time="6.497"/>
  <testcase classname="testscript.AdminTest" name="verifyadduser" time="10.214"/>
  <testcase classname="testscript.AdminTest" name="verifysearch" time="5.578"/>
</testsuite> <!-- testscript.AdminTest -->
